Determining if the pthread_create exist failed with the following output:
Change Dir: /home/hzy/ORB3_cher/build/CMakeFiles/CMakeTmp

Run Build Command:"/usr/bin/ninja" "cmTC_239c6"
[1/2] Building C object CMakeFiles/cmTC_239c6.dir/CheckSymbolExists.c.o
[2/2] Linking C executable cmTC_239c6
FAILED: cmTC_239c6 
: && /usr/bin/gcc -Wall   -O3  -rdynamic CMakeFiles/cmTC_239c6.dir/CheckSymbolExists.c.o  -o cmTC_239c6   && :
CMakeFiles/cmTC_239c6.dir/CheckSymbolExists.c.o：在函数‘main’中：
CheckSymbolExists.c:(.text.startup+0x3)：对‘pthread_create’未定义的引用
collect2: error: ld returned 1 exit status
ninja: build stopped: subcommand failed.

File /home/hzy/ORB3_cher/build/CMakeFiles/CMakeTmp/CheckSymbolExists.c:
/* */
#include <pthread.h>

int main(int argc, char** argv)
{
  (void)argv;
#ifndef pthread_create
  return ((int*)(&pthread_create))[argc];
#else
  (void)argc;
  return 0;
#endif
}

Determining if the function pthread_create exists in the pthreads failed with the following output:
Change Dir: /home/hzy/ORB3_cher/build/CMakeFiles/CMakeTmp

Run Build Command:"/usr/bin/ninja" "cmTC_9402b"
[1/2] Building C object CMakeFiles/cmTC_9402b.dir/CheckFunctionExists.c.o
[2/2] Linking C executable cmTC_9402b
FAILED: cmTC_9402b 
: && /usr/bin/gcc -Wall   -O3 -DCHECK_FUNCTION_EXISTS=pthread_create  -rdynamic CMakeFiles/cmTC_9402b.dir/CheckFunctionExists.c.o  -o cmTC_9402b  -lpthreads && :
/usr/bin/ld: 找不到 -lpthreads
collect2: error: ld returned 1 exit status
ninja: build stopped: subcommand failed.


